

HI-TECH Software PIC Macro Assembler V9.70 build 5239 
                                                      Thu Jun 24 23:42:55 2010


     1                           
     2                           	; HI-TECH C Compiler for PIC10/12/16 MCUs V9.7
                                 0
     3                           	; Copyright (C) 1984-2009 HI-TECH Software
     4                           	;Serial no. HCPICP-DEMO
     5                           
     6                           	; Auto-generated runtime startup code for fina
                                 l link stage.
     7                           
     8                           	;
     9                           	; Compiler options:
    10                           	;
    11                           	; -oCDI.cof -mCDI.map --summary=default --outp
                                 ut=default main.p1 \
    12                           	; --chip=16F886 -P --runtime=default --opt=def
                                 ault -D__DEBUG=1 -g \
    13                           	; --asmlist --errformat=Error   [%n] %f; %l.%c
                                  %s \
    14                           	; --msgformat=Advisory[%n] %s --warnformat=War
                                 ning [%n] %f; %l.%c %s
    15                           	;
    16                           
    17                           
    18                           	processor	16F886
    19                           
    20                           	global	_main,start,_exit,reset_vec
    21                           	fnroot	_main
    22                           	psect	config,class=CONFIG,delta=2
    23                           	psect	idloc,class=IDLOC,delta=2
    24                           	psect	temp,ovrld,class=BANK0,space=1
    25                           	psect	struct,ovrld,class=BANK0,space=1
    26                           	psect	code,class=CODE,delta=2
    27                           	psect	ptbit_0,class=BANK0,bit,space=1
    28                           	psect	powerup,class=CODE,delta=2
    29                           	psect	reset_vec,class=CODE,delta=2
    30                           	psect	maintext,class=CODE,delta=2
    31  0000                     	C	set	0
    32  0002                     	Z	set	2
    33  0002                     	PCL	set	2
    34  0000                     	INDF	set	0
    35                           
    36  0003                     	STATUS	equ	3
    37  000A                     	PCLATH	equ	0Ah
    38                           
    39                           	psect	eeprom_data,class=EEDATA,delta=2,space=2
    40                           	psect	intentry,class=CODE,delta=2
    41                           	global	intlevel0,intlevel1,intlevel2, intlevel
                                 3, intlevel4, intlevel5
    42  0004                     intlevel0:
    43  0004                     intlevel1:
    44  0004                     intlevel2:
    45  0004                     intlevel3:
    46  0004                     intlevel4:
    47  0004                     intlevel5:
    48                           	psect	intsave,class=BANK0,space=1
    49                           	psect	init,class=CODE,delta=2
    50                           	psect	cinit,class=CODE,delta=2
    51                           	psect	text,class=CODE,delta=2
    52                           	psect	end_init,class=CODE,delta=2
    53                           	psect	clrtext,class=CODE,delta=2
    54  0004                     	FSR	set	4
    55                           	psect	strings,class=CODE,delta=2,reloc=256
    56                           
    57                           	psect	reset_vec
    58  0000                     reset_vec:
    59                           	; No powerup routine
    60                           	global start
    61                           
    62                           ; jump to start
    63  0000  120A  118A  2812   	goto	start & 0x7FF | (reset_vec & not 0x7FF)
    64                           
    65                           
    66                           
    67                           	psect	init
    68  0012                     start
    69  0012                     _exit
    70                           	psect	end_init
    71                           	global start_initialization
    72  0012  120A  118A  2F9B   	ljmp start_initialization	;jump to C runtime c
                                 lear & initialization


HI-TECH Software PICC Macro Assembler V9.70 build 5239 
Symbol Table                                          Thu Jun 24 23:42:55 2010

               _main 0615                 _exit 0012  
               start 0012  start_initialization 079B  
           intlevel0 0004             intlevel1 0004  
           intlevel2 0004             intlevel3 0004  
           intlevel4 0004             intlevel5 0004  
           reset_vec 0000  
